[     329ms] [ERROR] Failed to load resource: the server responded with a status of 401 () @ https://frontend-dku2i7wx7-gustavourzedos-projects.vercel.app/:0
[     961ms] [LOG] %c
▲

 _____ _              _                    _   _             __
|_   _| |__   ___    / \   __ _  ___ _ __ | |_(_) ___       / /
  | | | '_ \ / _ \  / _ \ / _` |/ _ \ '_ \| __| |/ __|     / /
  | | | | | |  __/ / ___ \ (_| |  __/ | | | |_| | (__     /_/
  |_| |_| |_|\___|/_/   \_\__, |\___|_| |_|\__|_|\___|    (_)
                           |___/
 ___        __               _                   _                 _
|_ _|_ __  / _|_ __ __ _ ___| |_ _ __ _   _  ___| |_ _   _ _ __ ___
 | || '_ \| |_| '__/ _` / __| __| '__| | | |/ __| __| | | | '__/ _ \
 | || | | |  _| | | (_| \__ \ |_| |  | |_| | (__| |_| |_| | | |  __/
|___|_| |_|_| |_|  \__,_|___/\__|_|   \__,_|\___|\__|\__,_|_|  \___|
  

Hello!

- Open Source https://vercel.com/oss
- Careers https://vercel.com/careers
- Status https://vercel-status.com

 font-family: "Geist Mono", monospace; white-space: pre; line-height: 1; @ https://vercel.com/_next/static/chunks/1l29vw7u8_irq.js?dpl=dpl_5ty3pPp56DJcctkpkG2TuT42Z4Qb:78
[    1721ms] [ERROR] Failed to load resource: the server responded with a status of 403 () @ https://vercel.com/api/jwt:0
[    1732ms] [WARNING] [GSI_LOGGER]: Your client application uses one of the Google One Tap prompt UI status methods that may stop functioning when FedCM becomes mandatory. Refer to the migration guide to update your code accordingly and opt-in to FedCM to test your changes. Learn more: https://developers.google.com/identity/gsi/web/guides/fedcm-migration?s=dc#display_moment and https://developers.google.com/identity/gsi/web/guides/fedcm-migration?s=dc#skipped_moment @ https://accounts.google.com/gsi/client:84
[    1736ms] [ERROR] Not signed in with the identity provider. @ https://vercel.com/login?next=%2Fsso-api%3Furl%3Dhttps%253A%252F%252Ffrontend-dku2i7wx7-gustavourzedos-projects.vercel.app%252F%26nonce%3D9625d5f9497d12bac62a2c740867d745d4113959d0da0fc8be7b1d84154e8cb3:0
[    2137ms] [WARNING] Deprecated API for given entry type. @ https://vercel.com/_next/static/chunks/24660xudx800e.js?dpl=dpl_5ty3pPp56DJcctkpkG2TuT42Z4Qb:18
[    5401ms] [WARNING] The resource https://vercel.com/_next/static/chunks/09f00n8m302ia.css?dpl=dpl_5ty3pPp56DJcctkpkG2TuT42Z4Qb was preloaded using link preload but not used within a few seconds from the window's load event. Please make sure it has an appropriate `as` value and it is preloaded intentionally. @ https://vercel.com/login?next=%2Fsso-api%3Furl%3Dhttps%253A%252F%252Ffrontend-dku2i7wx7-gustavourzedos-projects.vercel.app%252F%26nonce%3D9625d5f9497d12bac62a2c740867d745d4113959d0da0fc8be7b1d84154e8cb3:0
[    5401ms] [WARNING] The resource https://vercel.com/_next/static/chunks/132s25a0tb5sg.css?dpl=dpl_5ty3pPp56DJcctkpkG2TuT42Z4Qb was preloaded using link preload but not used within a few seconds from the window's load event. Please make sure it has an appropriate `as` value and it is preloaded intentionally. @ https://vercel.com/login?next=%2Fsso-api%3Furl%3Dhttps%253A%252F%252Ffrontend-dku2i7wx7-gustavourzedos-projects.vercel.app%252F%26nonce%3D9625d5f9497d12bac62a2c740867d745d4113959d0da0fc8be7b1d84154e8cb3:0
[    5401ms] [WARNING] The resource https://vercel.com/_next/static/media/adobe-light.406_7oryl71va.svg?dpl=dpl_5ty3pPp56DJcctkpkG2TuT42Z4Qb was preloaded using link preload but not used within a few seconds from the window's load event. Please make sure it has an appropriate `as` value and it is preloaded intentionally. @ https://vercel.com/login?next=%2Fsso-api%3Furl%3Dhttps%253A%252F%252Ffrontend-dku2i7wx7-gustavourzedos-projects.vercel.app%252F%26nonce%3D9625d5f9497d12bac62a2c740867d745d4113959d0da0fc8be7b1d84154e8cb3:0
[    5401ms] [WARNING] The resource https://vercel.com/_next/static/media/stripe-dark.16ozjth2vgb_3.svg?dpl=dpl_5ty3pPp56DJcctkpkG2TuT42Z4Qb was preloaded using link preload but not used within a few seconds from the window's load event. Please make sure it has an appropriate `as` value and it is preloaded intentionally. @ https://vercel.com/login?next=%2Fsso-api%3Furl%3Dhttps%253A%252F%252Ffrontend-dku2i7wx7-gustavourzedos-projects.vercel.app%252F%26nonce%3D9625d5f9497d12bac62a2c740867d745d4113959d0da0fc8be7b1d84154e8cb3:0
[    5401ms] [WARNING] The resource https://vercel.com/_next/static/media/ebay-light.3ft_ki8203ov0.svg?dpl=dpl_5ty3pPp56DJcctkpkG2TuT42Z4Qb was preloaded using link preload but not used within a few seconds from the window's load event. Please make sure it has an appropriate `as` value and it is preloaded intentionally. @ https://vercel.com/login?next=%2Fsso-api%3Furl%3Dhttps%253A%252F%252Ffrontend-dku2i7wx7-gustavourzedos-projects.vercel.app%252F%26nonce%3D9625d5f9497d12bac62a2c740867d745d4113959d0da0fc8be7b1d84154e8cb3:0
[    5401ms] [WARNING] The resource https://vercel.com/_next/static/media/ebay-dark.34mho2a18qqlt.svg?dpl=dpl_5ty3pPp56DJcctkpkG2TuT42Z4Qb was preloaded using link preload but not used within a few seconds from the window's load event. Please make sure it has an appropriate `as` value and it is preloaded intentionally. @ https://vercel.com/login?next=%2Fsso-api%3Furl%3Dhttps%253A%252F%252Ffrontend-dku2i7wx7-gustavourzedos-projects.vercel.app%252F%26nonce%3D9625d5f9497d12bac62a2c740867d745d4113959d0da0fc8be7b1d84154e8cb3:0
[    5401ms] [WARNING] The resource https://vercel.com/_next/static/media/stripe-light.2l_1jctpe6k_4.svg?dpl=dpl_5ty3pPp56DJcctkpkG2TuT42Z4Qb was preloaded using link preload but not used within a few seconds from the window's load event. Please make sure it has an appropriate `as` value and it is preloaded intentionally. @ https://vercel.com/login?next=%2Fsso-api%3Furl%3Dhttps%253A%252F%252Ffrontend-dku2i7wx7-gustavourzedos-projects.vercel.app%252F%26nonce%3D9625d5f9497d12bac62a2c740867d745d4113959d0da0fc8be7b1d84154e8cb3:0
[    6656ms] [ERROR] [GSI_LOGGER]: FedCM get() rejects with AbortError: signal is aborted without reason @ https://vercel.com/_next/static/chunks/3yv8klg8ad96z.js?dpl=dpl_5ty3pPp56DJcctkpkG2TuT42Z4Qb:1
[    6696ms] [ERROR] Failed to load resource: the server responded with a status of 429 () @ https://o205439.ingest.sentry.io/api/1323670/envelope/?sentry_key=d00780d432ac4ccf882f60dd02062e14&sentry_version=7&sentry_client=sentry.javascript.browser%2F7.111.0:0
[   19178ms] [LOG] %c
▲

__  __                                     _            __
\ \/ /___  __  __   _________ _____       (_)_  _______/ /_
 \  / __ \/ / / /  / ___/ __ `/ __ \     / / / / / ___/ __/
 / / /_/ / /_/ /  / /__/ /_/ / / / /    / / /_/ (__  ) /_
/_/\____/\__,_/   \___/\__,_/_/ /_/  __/ /\__,_/____/\__/
         __    _          __  __    /___/
   _____/ /_  (_)___     / /_/ /_  (_)___  ____ ______
  / ___/ __ \/ / __ \   / __/ __ \/ / __ \/ __ `/ ___/
 (__  ) / / / / /_/ /  / /_/ / / / / / / / /_/ (__  )
/____/_/ /_/_/ .___/   \__/_/ /_/_/_/ /_/\__, /____/
            /_/                         /____/
  

Hello!

- Open Source https://vercel.com/oss
- Careers https://vercel.com/careers
- Status https://vercel-status.com

 font-family: "Geist Mono", monospace; white-space: pre; line-height: 1; @ https://vercel.com/_next/static/chunks/0-ql08uahvm61.js?dpl=dpl_5ty3pPp56DJcctkpkG2TuT42Z4Qb:78
[   19354ms] [WARNING] Deprecated API for given entry type. @ https://vercel.com/_next/static/chunks/0p4bfob-v5nr-.js?dpl=dpl_5ty3pPp56DJcctkpkG2TuT42Z4Qb:18
[   19636ms] [ERROR] Failed to load resource: the server responded with a status of 403 () @ https://vercel.com/api/jwt:0
